c:\users\administrator\desktop\paint.net-master\src\ddsfiletype\squish\squish_x64\debug\vc120.pdb
c:\users\administrator\desktop\paint.net-master\src\ddsfiletype\squish\squish_x64\debug\vc120.idb
c:\users\administrator\desktop\paint.net-master\src\ddsfiletype\squish\squish_x64\debug\alpha.obj
c:\users\administrator\desktop\paint.net-master\src\ddsfiletype\squish\squish_x64\debug\clusterfit.obj
c:\users\administrator\desktop\paint.net-master\src\ddsfiletype\squish\squish_x64\debug\colourblock.obj
c:\users\administrator\desktop\paint.net-master\src\ddsfiletype\squish\squish_x64\debug\colourfit.obj
c:\users\administrator\desktop\paint.net-master\src\ddsfiletype\squish\squish_x64\debug\colourset.obj
c:\users\administrator\desktop\paint.net-master\src\ddsfiletype\squish\squish_x64\debug\maths.obj
c:\users\administrator\desktop\paint.net-master\src\ddsfiletype\squish\squish_x64\debug\rangefit.obj
c:\users\administrator\desktop\paint.net-master\src\ddsfiletype\squish\squish_x64\debug\singlecolourfit.obj
c:\users\administrator\desktop\paint.net-master\src\ddsfiletype\squish\squish_x64\debug\squish.obj
c:\users\administrator\desktop\paint.net-master\src\ddsfiletype\squish\squish_x64\debug\squishinterface.obj
c:\users\administrator\desktop\paint.net-master\src\ddsfiletype\squish\squish_x64\debug\squish_x64.ilk
c:\users\administrator\desktop\paint.net-master\src\ddsfiletype\squish\squish_x64\debug\squish_x64.dll
c:\users\administrator\desktop\paint.net-master\src\ddsfiletype\squish\squish_x64\debug\squish_x64.pdb
c:\users\administrator\desktop\paint.net-master\src\ddsfiletype\squish\squish_x64\debug\squish.res
c:\users\administrator\desktop\paint.net-master\src\ddsfiletype\squish\squish_x64\debug\squish_x64.lib
c:\users\administrator\desktop\paint.net-master\src\ddsfiletype\squish\squish_x64\debug\squish_x64.exp
c:\users\administrator\desktop\paint.net-master\src\ddsfiletype\squish\squish_x64\debug\squish_x64.tlog\cl.command.1.tlog
c:\users\administrator\desktop\paint.net-master\src\ddsfiletype\squish\squish_x64\debug\squish_x64.tlog\cl.read.1.tlog
c:\users\administrator\desktop\paint.net-master\src\ddsfiletype\squish\squish_x64\debug\squish_x64.tlog\cl.write.1.tlog
c:\users\administrator\desktop\paint.net-master\src\ddsfiletype\squish\squish_x64\debug\squish_x64.tlog\link.command.1.tlog
c:\users\administrator\desktop\paint.net-master\src\ddsfiletype\squish\squish_x64\debug\squish_x64.tlog\link.read.1.tlog
c:\users\administrator\desktop\paint.net-master\src\ddsfiletype\squish\squish_x64\debug\squish_x64.tlog\link.write.1.tlog
c:\users\administrator\desktop\paint.net-master\src\ddsfiletype\squish\squish_x64\debug\squish_x64.tlog\rc.command.1.tlog
c:\users\administrator\desktop\paint.net-master\src\ddsfiletype\squish\squish_x64\debug\squish_x64.tlog\rc.read.1.tlog
c:\users\administrator\desktop\paint.net-master\src\ddsfiletype\squish\squish_x64\debug\squish_x64.tlog\rc.write.1.tlog
c:\users\administrator\desktop\paint.net-master\src\ddsfiletype\squish\squish_x64\debug\squish_x64.tlog\squish_x64.write.1u.tlog
