c:\users\administrator\desktop\paint.net-master\src\ddsfiletype\squish\squish_x86\debug\vc120.pdb
c:\users\administrator\desktop\paint.net-master\src\ddsfiletype\squish\squish_x86\debug\vc120.idb
c:\users\administrator\desktop\paint.net-master\src\ddsfiletype\squish\squish_x86\debug\alpha.obj
c:\users\administrator\desktop\paint.net-master\src\ddsfiletype\squish\squish_x86\debug\clusterfit.obj
c:\users\administrator\desktop\paint.net-master\src\ddsfiletype\squish\squish_x86\debug\colourblock.obj
c:\users\administrator\desktop\paint.net-master\src\ddsfiletype\squish\squish_x86\debug\colourfit.obj
c:\users\administrator\desktop\paint.net-master\src\ddsfiletype\squish\squish_x86\debug\colourset.obj
c:\users\administrator\desktop\paint.net-master\src\ddsfiletype\squish\squish_x86\debug\maths.obj
c:\users\administrator\desktop\paint.net-master\src\ddsfiletype\squish\squish_x86\debug\rangefit.obj
c:\users\administrator\desktop\paint.net-master\src\ddsfiletype\squish\squish_x86\debug\singlecolourfit.obj
c:\users\administrator\desktop\paint.net-master\src\ddsfiletype\squish\squish_x86\debug\squish.obj
c:\users\administrator\desktop\paint.net-master\src\ddsfiletype\squish\squish_x86\debug\squishinterface.obj
c:\users\administrator\desktop\paint.net-master\src\ddsfiletype\squish\squish_x86\debug\squish_x86.ilk
c:\users\administrator\desktop\paint.net-master\src\ddsfiletype\squish\squish_x86\debug\squish_x86.dll
c:\users\administrator\desktop\paint.net-master\src\ddsfiletype\squish\squish_x86\debug\squish_x86.pdb
c:\users\administrator\desktop\paint.net-master\src\ddsfiletype\squish\squish_x86\debug\squish.res
c:\users\administrator\desktop\paint.net-master\src\ddsfiletype\squish\squish_x86\debug\squish_x86.lib
c:\users\administrator\desktop\paint.net-master\src\ddsfiletype\squish\squish_x86\debug\squish_x86.exp
c:\users\administrator\desktop\paint.net-master\src\ddsfiletype\squish\squish_x86\debug\squish_x86.tlog\cl.command.1.tlog
c:\users\administrator\desktop\paint.net-master\src\ddsfiletype\squish\squish_x86\debug\squish_x86.tlog\cl.read.1.tlog
c:\users\administrator\desktop\paint.net-master\src\ddsfiletype\squish\squish_x86\debug\squish_x86.tlog\cl.write.1.tlog
c:\users\administrator\desktop\paint.net-master\src\ddsfiletype\squish\squish_x86\debug\squish_x86.tlog\link.command.1.tlog
c:\users\administrator\desktop\paint.net-master\src\ddsfiletype\squish\squish_x86\debug\squish_x86.tlog\link.read.1.tlog
c:\users\administrator\desktop\paint.net-master\src\ddsfiletype\squish\squish_x86\debug\squish_x86.tlog\link.write.1.tlog
c:\users\administrator\desktop\paint.net-master\src\ddsfiletype\squish\squish_x86\debug\squish_x86.tlog\rc.command.1.tlog
c:\users\administrator\desktop\paint.net-master\src\ddsfiletype\squish\squish_x86\debug\squish_x86.tlog\rc.read.1.tlog
c:\users\administrator\desktop\paint.net-master\src\ddsfiletype\squish\squish_x86\debug\squish_x86.tlog\rc.write.1.tlog
c:\users\administrator\desktop\paint.net-master\src\ddsfiletype\squish\squish_x86\debug\squish_x86.tlog\squish_x86.write.1u.tlog
