c:\users\administrator\desktop\paint.net-master\src\ddsfiletype\squish\squish_x86_sse2\debug\vc120.pdb
c:\users\administrator\desktop\paint.net-master\src\ddsfiletype\squish\squish_x86_sse2\debug\vc120.idb
c:\users\administrator\desktop\paint.net-master\src\ddsfiletype\squish\squish_x86_sse2\debug\alpha.obj
c:\users\administrator\desktop\paint.net-master\src\ddsfiletype\squish\squish_x86_sse2\debug\clusterfit.obj
c:\users\administrator\desktop\paint.net-master\src\ddsfiletype\squish\squish_x86_sse2\debug\colourblock.obj
c:\users\administrator\desktop\paint.net-master\src\ddsfiletype\squish\squish_x86_sse2\debug\colourfit.obj
c:\users\administrator\desktop\paint.net-master\src\ddsfiletype\squish\squish_x86_sse2\debug\colourset.obj
c:\users\administrator\desktop\paint.net-master\src\ddsfiletype\squish\squish_x86_sse2\debug\maths.obj
c:\users\administrator\desktop\paint.net-master\src\ddsfiletype\squish\squish_x86_sse2\debug\rangefit.obj
c:\users\administrator\desktop\paint.net-master\src\ddsfiletype\squish\squish_x86_sse2\debug\singlecolourfit.obj
c:\users\administrator\desktop\paint.net-master\src\ddsfiletype\squish\squish_x86_sse2\debug\squish.obj
c:\users\administrator\desktop\paint.net-master\src\ddsfiletype\squish\squish_x86_sse2\debug\squishinterface.obj
c:\users\administrator\desktop\paint.net-master\src\ddsfiletype\squish\squish_x86_sse2\debug\squish_x86_sse2.ilk
c:\users\administrator\desktop\paint.net-master\src\ddsfiletype\squish\squish_x86_sse2\debug\squish_x86_sse2.dll
c:\users\administrator\desktop\paint.net-master\src\ddsfiletype\squish\squish_x86_sse2\debug\squish_x86_sse2.pdb
c:\users\administrator\desktop\paint.net-master\src\ddsfiletype\squish\squish_x86_sse2\debug\squish.res
c:\users\administrator\desktop\paint.net-master\src\ddsfiletype\squish\squish_x86_sse2\debug\squish_x86_sse2.lib
c:\users\administrator\desktop\paint.net-master\src\ddsfiletype\squish\squish_x86_sse2\debug\squish_x86_sse2.exp
c:\users\administrator\desktop\paint.net-master\src\ddsfiletype\squish\squish_x86_sse2\debug\squish_x86_sse2.tlog\cl.command.1.tlog
c:\users\administrator\desktop\paint.net-master\src\ddsfiletype\squish\squish_x86_sse2\debug\squish_x86_sse2.tlog\cl.read.1.tlog
c:\users\administrator\desktop\paint.net-master\src\ddsfiletype\squish\squish_x86_sse2\debug\squish_x86_sse2.tlog\cl.write.1.tlog
c:\users\administrator\desktop\paint.net-master\src\ddsfiletype\squish\squish_x86_sse2\debug\squish_x86_sse2.tlog\link.command.1.tlog
c:\users\administrator\desktop\paint.net-master\src\ddsfiletype\squish\squish_x86_sse2\debug\squish_x86_sse2.tlog\link.read.1.tlog
c:\users\administrator\desktop\paint.net-master\src\ddsfiletype\squish\squish_x86_sse2\debug\squish_x86_sse2.tlog\link.write.1.tlog
c:\users\administrator\desktop\paint.net-master\src\ddsfiletype\squish\squish_x86_sse2\debug\squish_x86_sse2.tlog\rc.command.1.tlog
c:\users\administrator\desktop\paint.net-master\src\ddsfiletype\squish\squish_x86_sse2\debug\squish_x86_sse2.tlog\rc.read.1.tlog
c:\users\administrator\desktop\paint.net-master\src\ddsfiletype\squish\squish_x86_sse2\debug\squish_x86_sse2.tlog\rc.write.1.tlog
c:\users\administrator\desktop\paint.net-master\src\ddsfiletype\squish\squish_x86_sse2\debug\squish_x86_sse2.tlog\squish_x86_sse2.write.1u.tlog
