生成启动时间为 2020/4/3 9:45:42。
     1>项目“C:\Users\Administrator\Desktop\paint.net-master\src\ShellExtension\ShellExtension_x86\ShellExtension_x86.vcxproj”在节点 8 上(Rebuild 个目标)。
     1>ClCompile:
         C:\Program Files (x86)\Microsoft Visual Studio 12.0\VC\bin\CL.exe /c /ZI /nologo /W3 /WX /Od /Oy- /D WIN32 /D _DEBUG /D _WINDOWS /D _USRDLL /D SHELLEXTENSION_X86_EXPORTS /D _WINDLL /D _UNICODE /D UNICODE /Gm /RTC1 /MTd /GS /fp:precise /Zc:wchar_t /Zc:forScope /GR- /Fo"Debug\\" /Fd"Debug\vc120.pdb" /Gd /TP /analyze- /errorReport:prompt ..\ClassFactory.cpp ..\MemoryStream.cpp ..\PdnShell.cpp ..\PdnShellExtension.cpp
         PdnShellExtension.cpp
         PdnShell.cpp
         MemoryStream.cpp
         ClassFactory.cpp
         正在生成代码...
         C:\Program Files (x86)\Microsoft Visual Studio 12.0\VC\bin\CL.exe /c /ZI /nologo /W3 /WX /Od /Oy- /D WIN32 /D _DEBUG /D _WINDOWS /D _USRDLL /D SHELLEXTENSION_X86_EXPORTS /D _WINDLL /D _UNICODE /D UNICODE /Gm /RTC1 /MTd /GS /fp:precise /Zc:wchar_t /Zc:forScope /GR- /Fo"Debug\\" /Fd"Debug\vc120.pdb" /Gd /TC /analyze- /errorReport:prompt ..\gpc.c
         gpc.c
       ResourceCompile:
         C:\Program Files (x86)\Windows Kits\8.1\bin\x86\rc.exe /D _UNICODE /D UNICODE /l"0x0409" /nologo /fo"Debug\ShellExtension.res" ..\ShellExtension.rc 
       Link:
         C:\Program Files (x86)\Microsoft Visual Studio 12.0\VC\bin\link.exe /ERRORREPORT:PROMPT /OUT:"C:\Users\Administrator\Desktop\paint.net-master\src\ShellExtension\ShellExtension_x86\Debug\ShellExtension_x86.dll" /INCREMENTAL /NOLOGO kernel32.lib user32.lib gdi32.lib winspool.lib comdlg32.lib advapi32.lib shell32.lib ole32.lib oleaut32.lib uuid.lib odbc32.lib odbccp32.lib /DEF:"PdnShell_x86.def" /MANIFEST:NO /DEBUG /PDB:"C:\Users\Administrator\Desktop\paint.net-master\src\ShellExtension\ShellExtension_x86\Debug\ShellExtension_x86.pdb" /SUBSYSTEM:WINDOWS /TLBID:1 /DYNAMICBASE:NO /IMPLIB:"C:\Users\Administrator\Desktop\paint.net-master\src\ShellExtension\ShellExtension_x86\Debug\ShellExtension_x86.lib" /MACHINE:X86 /SAFESEH /DLL Debug\ShellExtension.res
         Debug\ClassFactory.obj
         Debug\gpc.obj
         Debug\MemoryStream.obj
         Debug\PdnShell.obj
         Debug\PdnShellExtension.obj
     1>ClassFactory.obj : warning LNK4075: 忽略“/EDITANDCONTINUE”(由于“/SAFESEH”规范)
            正在创建库 C:\Users\Administrator\Desktop\paint.net-master\src\ShellExtension\ShellExtension_x86\Debug\ShellExtension_x86.lib 和对象 C:\Users\Administrator\Desktop\paint.net-master\src\ShellExtension\ShellExtension_x86\Debug\ShellExtension_x86.exp
         ShellExtension_x86.vcxproj -> C:\Users\Administrator\Desktop\paint.net-master\src\ShellExtension\ShellExtension_x86\Debug\ShellExtension_x86.dll
     1>已完成生成项目“C:\Users\Administrator\Desktop\paint.net-master\src\ShellExtension\ShellExtension_x86\ShellExtension_x86.vcxproj”(Rebuild 个目标)的操作。

生成成功。

已用时间 00:00:05.60
