c:\users\administrator\desktop\paint.net-master\src\shellextension\shellextension_x86\debug\vc120.pdb
c:\users\administrator\desktop\paint.net-master\src\shellextension\shellextension_x86\debug\vc120.idb
c:\users\administrator\desktop\paint.net-master\src\shellextension\shellextension_x86\debug\classfactory.obj
c:\users\administrator\desktop\paint.net-master\src\shellextension\shellextension_x86\debug\memorystream.obj
c:\users\administrator\desktop\paint.net-master\src\shellextension\shellextension_x86\debug\pdnshell.obj
c:\users\administrator\desktop\paint.net-master\src\shellextension\shellextension_x86\debug\pdnshellextension.obj
c:\users\administrator\desktop\paint.net-master\src\shellextension\shellextension_x86\debug\gpc.obj
c:\users\administrator\desktop\paint.net-master\src\shellextension\shellextension_x86\debug\shellextension_x86.ilk
c:\users\administrator\desktop\paint.net-master\src\shellextension\shellextension_x86\debug\shellextension_x86.dll
c:\users\administrator\desktop\paint.net-master\src\shellextension\shellextension_x86\debug\shellextension_x86.pdb
c:\users\administrator\desktop\paint.net-master\src\shellextension\shellextension_x86\debug\shellextension.res
c:\users\administrator\desktop\paint.net-master\src\shellextension\shellextension_x86\debug\shellextension_x86.lib
c:\users\administrator\desktop\paint.net-master\src\shellextension\shellextension_x86\debug\shellextension_x86.exp
c:\users\administrator\desktop\paint.net-master\src\shellextension\shellextension_x86\debug\shellext.236a7657.tlog\cl.command.1.tlog
c:\users\administrator\desktop\paint.net-master\src\shellextension\shellextension_x86\debug\shellext.236a7657.tlog\cl.read.1.tlog
c:\users\administrator\desktop\paint.net-master\src\shellextension\shellextension_x86\debug\shellext.236a7657.tlog\cl.write.1.tlog
c:\users\administrator\desktop\paint.net-master\src\shellextension\shellextension_x86\debug\shellext.236a7657.tlog\link.command.1.tlog
c:\users\administrator\desktop\paint.net-master\src\shellextension\shellextension_x86\debug\shellext.236a7657.tlog\link.read.1.tlog
c:\users\administrator\desktop\paint.net-master\src\shellextension\shellextension_x86\debug\shellext.236a7657.tlog\link.write.1.tlog
c:\users\administrator\desktop\paint.net-master\src\shellextension\shellextension_x86\debug\shellext.236a7657.tlog\rc.command.1.tlog
c:\users\administrator\desktop\paint.net-master\src\shellextension\shellextension_x86\debug\shellext.236a7657.tlog\rc.read.1.tlog
c:\users\administrator\desktop\paint.net-master\src\shellextension\shellextension_x86\debug\shellext.236a7657.tlog\rc.write.1.tlog
c:\users\administrator\desktop\paint.net-master\src\shellextension\shellextension_x86\debug\shellext.236a7657.tlog\shellextension_x86.write.1u.tlog
