c:\users\administrator\desktop\paint.net-master\src\shellextension\shellextension_x64\debug\vc120.pdb
c:\users\administrator\desktop\paint.net-master\src\shellextension\shellextension_x64\debug\vc120.idb
c:\users\administrator\desktop\paint.net-master\src\shellextension\shellextension_x64\debug\classfactory.obj
c:\users\administrator\desktop\paint.net-master\src\shellextension\shellextension_x64\debug\memorystream.obj
c:\users\administrator\desktop\paint.net-master\src\shellextension\shellextension_x64\debug\pdnshell.obj
c:\users\administrator\desktop\paint.net-master\src\shellextension\shellextension_x64\debug\pdnshellextension.obj
c:\users\administrator\desktop\paint.net-master\src\shellextension\shellextension_x64\debug\gpc.obj
c:\users\administrator\desktop\paint.net-master\src\shellextension\shellextension_x64\debug\shellextension_x64.ilk
c:\users\administrator\desktop\paint.net-master\src\shellextension\shellextension_x64\debug\shellextension_x64.dll
c:\users\administrator\desktop\paint.net-master\src\shellextension\shellextension_x64\debug\shellextension_x64.pdb
c:\users\administrator\desktop\paint.net-master\src\shellextension\shellextension_x64\debug\shellextension.res
c:\users\administrator\desktop\paint.net-master\src\shellextension\shellextension_x64\debug\shellextension_x64.lib
c:\users\administrator\desktop\paint.net-master\src\shellextension\shellextension_x64\debug\shellextension_x64.exp
c:\users\administrator\desktop\paint.net-master\src\shellextension\shellextension_x64\debug\shellext.36f6fd0e.tlog\cl.command.1.tlog
c:\users\administrator\desktop\paint.net-master\src\shellextension\shellextension_x64\debug\shellext.36f6fd0e.tlog\cl.read.1.tlog
c:\users\administrator\desktop\paint.net-master\src\shellextension\shellextension_x64\debug\shellext.36f6fd0e.tlog\cl.write.1.tlog
c:\users\administrator\desktop\paint.net-master\src\shellextension\shellextension_x64\debug\shellext.36f6fd0e.tlog\link.command.1.tlog
c:\users\administrator\desktop\paint.net-master\src\shellextension\shellextension_x64\debug\shellext.36f6fd0e.tlog\link.read.1.tlog
c:\users\administrator\desktop\paint.net-master\src\shellextension\shellextension_x64\debug\shellext.36f6fd0e.tlog\link.write.1.tlog
c:\users\administrator\desktop\paint.net-master\src\shellextension\shellextension_x64\debug\shellext.36f6fd0e.tlog\rc.command.1.tlog
c:\users\administrator\desktop\paint.net-master\src\shellextension\shellextension_x64\debug\shellext.36f6fd0e.tlog\rc.read.1.tlog
c:\users\administrator\desktop\paint.net-master\src\shellextension\shellextension_x64\debug\shellext.36f6fd0e.tlog\rc.write.1.tlog
c:\users\administrator\desktop\paint.net-master\src\shellextension\shellextension_x64\debug\shellext.36f6fd0e.tlog\shellextension_x64.write.1u.tlog
